# JRE version: OpenJDK Runtime Environment (8.0_302-b08) (build 1.8.0_302-b08)
# Java VM: OpenJDK 64-Bit Server VM (25.302-b08 mixed mode linux-amd64 compressed oops)
Heap:
 PSYoungGen      total 186880K, used 60175K [0x00000000d7200000, 0x00000000e7400000, 0x0000000100000000)
  eden space 175616K, 27% used [0x00000000d7200000,0x00000000da1c4900,0x00000000e1d80000)
  from space 11264K, 99% used [0x00000000e1d80000,0x00000000e287f648,0x00000000e2880000)
  to   space 14336K, 0% used [0x00000000e6600000,0x00000000e6600000,0x00000000e7400000)
 ParOldGen       total 73216K, used 15992K [0x0000000085600000, 0x0000000089d80000, 0x00000000d7200000)
  object space 73216K, 21% used [0x0000000085600000,0x000000008659e290,0x0000000089d80000)
 Metaspace       used 50708K, capacity 53220K, committed 53464K, reserved 1095680K
  class space    used 6995K, capacity 7422K, committed 7424K, reserved 1048576K
GC Heap History (10 events):
Event: 2,738 GC heap before
{Heap before GC invocations=7 (full 1):
 PSYoungGen      total 68608K, used 63488K [0x00000000d7200000, 0x00000000dff00000, 0x0000000100000000)
  eden space 63488K, 100% used [0x00000000d7200000,0x00000000db000000,0x00000000db000000)
  from space 5120K, 0% used [0x00000000db000000,0x00000000db000000,0x00000000db500000)
  to   space 8704K, 0% used [0x00000000df680000,0x00000000df680000,0x00000000dff00000)
 ParOldGen       total 51200K, used 7444K [0x0000000085600000, 0x0000000088800000, 0x00000000d7200000)
  object space 51200K, 14% used [0x0000000085600000,0x0000000085d451f8,0x0000000088800000)
 Metaspace       used 23762K, capacity 24820K, committed 25088K, reserved 1071104K
  class space    used 3068K, capacity 3304K, committed 3328K, reserved 1048576K
Event: 2,743 GC heap after
Heap after GC invocations=7 (full 1):
 PSYoungGen      total 113152K, used 5669K [0x00000000d7200000, 0x00000000dfc80000, 0x0000000100000000)
  eden space 107008K, 0% used [0x00000000d7200000,0x00000000d7200000,0x00000000dda80000)
  from space 6144K, 92% used [0x00000000df680000,0x00000000dfc096e0,0x00000000dfc80000)
  to   space 8192K, 0% used [0x00000000dec80000,0x00000000dec80000,0x00000000df480000)
 ParOldGen       total 51200K, used 7452K [0x0000000085600000, 0x0000000088800000, 0x00000000d7200000)
  object space 51200K, 14% used [0x0000000085600000,0x0000000085d471f8,0x0000000088800000)
 Metaspace       used 23762K, capacity 24820K, committed 25088K, reserved 1071104K
  class space    used 3068K, capacity 3304K, committed 3328K, reserved 1048576K
}
Event: 3,868 GC heap before
{Heap before GC invocations=8 (full 1):
 PSYoungGen      total 113152K, used 112677K [0x00000000d7200000, 0x00000000dfc80000, 0x0000000100000000)
  eden space 107008K, 100% used [0x00000000d7200000,0x00000000dda80000,0x00000000dda80000)
  from space 6144K, 92% used [0x00000000df680000,0x00000000dfc096e0,0x00000000dfc80000)
  to   space 8192K, 0% used [0x00000000dec80000,0x00000000dec80000,0x00000000df480000)
 ParOldGen       total 51200K, used 7452K [0x0000000085600000, 0x0000000088800000, 0x00000000d7200000)
  object space 51200K, 14% used [0x0000000085600000,0x0000000085d471f8,0x0000000088800000)
 Metaspace       used 31726K, capacity 33816K, committed 34048K, reserved 1079296K
  class space    used 4178K, capacity 4558K, committed 4608K, reserved 1048576K
Event: 3,880 GC heap after
Heap after GC invocations=8 (full 1):
 PSYoungGen      total 133632K, used 8177K [0x00000000d7200000, 0x00000000e3380000, 0x0000000100000000)
  eden space 125440K, 0% used [0x00000000d7200000,0x00000000d7200000,0x00000000dec80000)
  from space 8192K, 99% used [0x00000000dec80000,0x00000000df47c548,0x00000000df480000)
  to   space 11264K, 0% used [0x00000000e2880000,0x00000000e2880000,0x00000000e3380000)
 ParOldGen       total 51200K, used 11687K [0x0000000085600000, 0x0000000088800000, 0x00000000d7200000)
  object space 51200K, 22% used [0x0000000085600000,0x0000000086169d48,0x0000000088800000)
 Metaspace       used 31726K, capacity 33816K, committed 34048K, reserved 1079296K
  class space    used 4178K, capacity 4558K, committed 4608K, reserved 1048576K
}
Event: 4,071 GC heap before
{Heap before GC invocations=9 (full 1):
 PSYoungGen      total 133632K, used 63430K [0x00000000d7200000, 0x00000000e3380000, 0x0000000100000000)
  eden space 125440K, 44% used [0x00000000d7200000,0x00000000da7f5388,0x00000000dec80000)
  from space 8192K, 99% used [0x00000000dec80000,0x00000000df47c548,0x00000000df480000)
  to   space 11264K, 0% used [0x00000000e2880000,0x00000000e2880000,0x00000000e3380000)
 ParOldGen       total 51200K, used 11687K [0x0000000085600000, 0x0000000088800000, 0x00000000d7200000)
  object space 51200K, 22% used [0x0000000085600000,0x0000000086169d48,0x0000000088800000)
 Metaspace       used 33174K, capacity 35314K, committed 35416K, reserved 1079296K
  class space    used 4344K, capacity 4717K, committed 4736K, reserved 1048576K
Event: 4,085 GC heap after
Heap after GC invocations=9 (full 1):
 PSYoungGen      total 186880K, used 7815K [0x00000000d7200000, 0x00000000e5b80000, 0x0000000100000000)
  eden space 175616K, 0% used [0x00000000d7200000,0x00000000d7200000,0x00000000e1d80000)
  from space 11264K, 69% used [0x00000000e2880000,0x00000000e3021da8,0x00000000e3380000)
  to   space 11264K, 0% used [0x00000000e1d80000,0x00000000e1d80000,0x00000000e2880000)
 ParOldGen       total 51200K, used 11695K [0x0000000085600000, 0x0000000088800000, 0x00000000d7200000)
  object space 51200K, 22% used [0x0000000085600000,0x000000008616bd48,0x0000000088800000)
 Metaspace       used 33174K, capacity 35314K, committed 35416K, reserved 1079296K
  class space    used 4344K, capacity 4717K, committed 4736K, reserved 1048576K
}
Event: 4,085 GC heap before
{Heap before GC invocations=10 (full 2):
 PSYoungGen      total 186880K, used 7815K [0x00000000d7200000, 0x00000000e5b80000, 0x0000000100000000)
  eden space 175616K, 0% used [0x00000000d7200000,0x00000000d7200000,0x00000000e1d80000)
  from space 11264K, 69% used [0x00000000e2880000,0x00000000e3021da8,0x00000000e3380000)
  to   space 11264K, 0% used [0x00000000e1d80000,0x00000000e1d80000,0x00000000e2880000)
 ParOldGen       total 51200K, used 11695K [0x0000000085600000, 0x0000000088800000, 0x00000000d7200000)
  object space 51200K, 22% used [0x0000000085600000,0x000000008616bd48,0x0000000088800000)
 Metaspace       used 33174K, capacity 35314K, committed 35416K, reserved 1079296K
  class space    used 4344K, capacity 4717K, committed 4736K, reserved 1048576K
Event: 4,137 GC heap after
Heap after GC invocations=10 (full 2):
 PSYoungGen      total 186880K, used 0K [0x00000000d7200000, 0x00000000e5b80000, 0x0000000100000000)
  eden space 175616K, 0% used [0x00000000d7200000,0x00000000d7200000,0x00000000e1d80000)
  from space 11264K, 0% used [0x00000000e2880000,0x00000000e2880000,0x00000000e3380000)
  to   space 11264K, 0% used [0x00000000e1d80000,0x00000000e1d80000,0x00000000e2880000)
 ParOldGen       total 73216K, used 12039K [0x0000000085600000, 0x0000000089d80000, 0x00000000d7200000)
  object space 73216K, 16% used [0x0000000085600000,0x00000000861c1ef8,0x0000000089d80000)
 Metaspace       used 33174K, capacity 35314K, committed 35416K, reserved 1079296K
  class space    used 4344K, capacity 4717K, committed 4736K, reserved 1048576K
}
Event: 5,597 GC heap before
{Heap before GC invocations=11 (full 2):
 PSYoungGen      total 186880K, used 175616K [0x00000000d7200000, 0x00000000e5b80000, 0x0000000100000000)
  eden space 175616K, 100% used [0x00000000d7200000,0x00000000e1d80000,0x00000000e1d80000)
  from space 11264K, 0% used [0x00000000e2880000,0x00000000e2880000,0x00000000e3380000)
  to   space 11264K, 0% used [0x00000000e1d80000,0x00000000e1d80000,0x00000000e2880000)
 ParOldGen       total 73216K, used 12039K [0x0000000085600000, 0x0000000089d80000, 0x00000000d7200000)
  object space 73216K, 16% used [0x0000000085600000,0x00000000861c1ef8,0x0000000089d80000)
 Metaspace       used 47911K, capacity 50310K, committed 50648K, reserved 1093632K
  class space    used 6627K, capacity 7053K, committed 7168K, reserved 1048576K
Event: 5,609 GC heap after
Heap after GC invocations=11 (full 2):
 PSYoungGen      total 186880K, used 11261K [0x00000000d7200000, 0x00000000e7400000, 0x0000000100000000)
  eden space 175616K, 0% used [0x00000000d7200000,0x00000000d7200000,0x00000000e1d80000)
  from space 11264K, 99% used [0x00000000e1d80000,0x00000000e287f648,0x00000000e2880000)
  to   space 14336K, 0% used [0x00000000e6600000,0x00000000e6600000,0x00000000e7400000)
 ParOldGen       total 73216K, used 15992K [0x0000000085600000, 0x0000000089d80000, 0x00000000d7200000)
  object space 73216K, 21% used [0x0000000085600000,0x000000008659e290,0x0000000089d80000)
 Metaspace       used 47911K, capacity 50310K, committed 50648K, reserved 1093632K
  class space    used 6627K, capacity 7053K, committed 7168K, reserved 1048576K
}

