# JRE version: OpenJDK Runtime Environment (8.0_302-b08) (build 1.8.0_302-b08)
# Java VM: OpenJDK 64-Bit Server VM (25.302-b08 mixed mode linux-amd64 compressed oops)
Heap:
 PSYoungGen      total 202752K, used 11245K [0x00000000d7200000, 0x00000000e4700000, 0x0000000100000000)
  eden space 191488K, 0% used [0x00000000d7200000,0x00000000d7200000,0x00000000e2d00000)
  from space 11264K, 99% used [0x00000000e3b00000,0x00000000e45fb6f0,0x00000000e4600000)
  to   space 13312K, 0% used [0x00000000e2d00000,0x00000000e2d00000,0x00000000e3a00000)
 ParOldGen       total 55808K, used 11919K [0x0000000085600000, 0x0000000088c80000, 0x00000000d7200000)
  object space 55808K, 21% used [0x0000000085600000,0x00000000861a3c18,0x0000000088c80000)
 Metaspace       used 33112K, capacity 35256K, committed 35496K, reserved 1079296K
  class space    used 4405K, capacity 4764K, committed 4784K, reserved 1048576K
GC Heap History (10 events):
Event: 1,774 GC heap after
Heap after GC invocations=3 (full 0):
 PSYoungGen      total 68608K, used 5093K [0x00000000d7200000, 0x00000000df800000, 0x0000000100000000)
  eden space 63488K, 0% used [0x00000000d7200000,0x00000000d7200000,0x00000000db000000)
  from space 5120K, 99% used [0x00000000db000000,0x00000000db4f97b0,0x00000000db500000)
  to   space 5120K, 0% used [0x00000000df300000,0x00000000df300000,0x00000000df800000)
 ParOldGen       total 84992K, used 4542K [0x0000000085600000, 0x000000008a900000, 0x00000000d7200000)
  object space 84992K, 5% used [0x0000000085600000,0x0000000085a6f9c8,0x000000008a900000)
 Metaspace       used 18715K, capacity 19616K, committed 19840K, reserved 1067008K
  class space    used 2491K, capacity 2680K, committed 2688K, reserved 1048576K
}
Event: 1,890 GC heap before
{Heap before GC invocations=4 (full 0):
 PSYoungGen      total 68608K, used 22385K [0x00000000d7200000, 0x00000000df800000, 0x0000000100000000)
  eden space 63488K, 27% used [0x00000000d7200000,0x00000000d82e2cc8,0x00000000db000000)
  from space 5120K, 99% used [0x00000000db000000,0x00000000db4f97b0,0x00000000db500000)
  to   space 5120K, 0% used [0x00000000df300000,0x00000000df300000,0x00000000df800000)
 ParOldGen       total 84992K, used 4542K [0x0000000085600000, 0x000000008a900000, 0x00000000d7200000)
  object space 84992K, 5% used [0x0000000085600000,0x0000000085a6f9c8,0x000000008a900000)
 Metaspace       used 20376K, capacity 21236K, committed 21296K, reserved 1067008K
  class space    used 2634K, capacity 2848K, committed 2864K, reserved 1048576K
Event: 1,900 GC heap after
Heap after GC invocations=4 (full 0):
 PSYoungGen      total 132096K, used 5104K [0x00000000d7200000, 0x00000000df800000, 0x0000000100000000)
  eden space 126976K, 0% used [0x00000000d7200000,0x00000000d7200000,0x00000000dee00000)
  from space 5120K, 99% used [0x00000000df300000,0x00000000df7fc108,0x00000000df800000)
  to   space 5120K, 0% used [0x00000000dee00000,0x00000000dee00000,0x00000000df300000)
 ParOldGen       total 84992K, used 6397K [0x0000000085600000, 0x000000008a900000, 0x00000000d7200000)
  object space 84992K, 7% used [0x0000000085600000,0x0000000085c3f510,0x000000008a900000)
 Metaspace       used 20376K, capacity 21236K, committed 21296K, reserved 1067008K
  class space    used 2634K, capacity 2848K, committed 2864K, reserved 1048576K
}
Event: 1,900 GC heap before
{Heap before GC invocations=5 (full 1):
 PSYoungGen      total 132096K, used 5104K [0x00000000d7200000, 0x00000000df800000, 0x0000000100000000)
  eden space 126976K, 0% used [0x00000000d7200000,0x00000000d7200000,0x00000000dee00000)
  from space 5120K, 99% used [0x00000000df300000,0x00000000df7fc108,0x00000000df800000)
  to   space 5120K, 0% used [0x00000000dee00000,0x00000000dee00000,0x00000000df300000)
 ParOldGen       total 84992K, used 6397K [0x0000000085600000, 0x000000008a900000, 0x00000000d7200000)
  object space 84992K, 7% used [0x0000000085600000,0x0000000085c3f510,0x000000008a900000)
 Metaspace       used 20376K, capacity 21236K, committed 21296K, reserved 1067008K
  class space    used 2634K, capacity 2848K, committed 2864K, reserved 1048576K
Event: 1,950 GC heap after
Heap after GC invocations=5 (full 1):
 PSYoungGen      total 132096K, used 0K [0x00000000d7200000, 0x00000000df800000, 0x0000000100000000)
  eden space 126976K, 0% used [0x00000000d7200000,0x00000000d7200000,0x00000000dee00000)
  from space 5120K, 0% used [0x00000000df300000,0x00000000df300000,0x00000000df800000)
  to   space 5120K, 0% used [0x00000000dee00000,0x00000000dee00000,0x00000000df300000)
 ParOldGen       total 55808K, used 6897K [0x0000000085600000, 0x0000000088c80000, 0x00000000d7200000)
  object space 55808K, 12% used [0x0000000085600000,0x0000000085cbc748,0x0000000088c80000)
 Metaspace       used 20376K, capacity 21236K, committed 21296K, reserved 1067008K
  class space    used 2634K, capacity 2848K, committed 2864K, reserved 1048576K
}
Event: 3,095 GC heap before
{Heap before GC invocations=6 (full 1):
 PSYoungGen      total 132096K, used 126976K [0x00000000d7200000, 0x00000000df800000, 0x0000000100000000)
  eden space 126976K, 100% used [0x00000000d7200000,0x00000000dee00000,0x00000000dee00000)
  from space 5120K, 0% used [0x00000000df300000,0x00000000df300000,0x00000000df800000)
  to   space 5120K, 0% used [0x00000000dee00000,0x00000000dee00000,0x00000000df300000)
 ParOldGen       total 55808K, used 6897K [0x0000000085600000, 0x0000000088c80000, 0x00000000d7200000)
  object space 55808K, 12% used [0x0000000085600000,0x0000000085cbc748,0x0000000088c80000)
 Metaspace       used 26172K, capacity 27556K, committed 27824K, reserved 1073152K
  class space    used 3448K, capacity 3736K, committed 3760K, reserved 1048576K
Event: 3,103 GC heap after
Heap after GC invocations=6 (full 1):
 PSYoungGen      total 132096K, used 5092K [0x00000000d7200000, 0x00000000e4600000, 0x0000000100000000)
  eden space 126976K, 0% used [0x00000000d7200000,0x00000000d7200000,0x00000000dee00000)
  from space 5120K, 99% used [0x00000000dee00000,0x00000000df2f92d0,0x00000000df300000)
  to   space 11264K, 0% used [0x00000000e3b00000,0x00000000e3b00000,0x00000000e4600000)
 ParOldGen       total 55808K, used 11440K [0x0000000085600000, 0x0000000088c80000, 0x00000000d7200000)
  object space 55808K, 20% used [0x0000000085600000,0x000000008612c070,0x0000000088c80000)
 Metaspace       used 26172K, capacity 27556K, committed 27824K, reserved 1073152K
  class space    used 3448K, capacity 3736K, committed 3760K, reserved 1048576K
}
Event: 3,909 GC heap before
{Heap before GC invocations=7 (full 1):
 PSYoungGen      total 132096K, used 127642K [0x00000000d7200000, 0x00000000e4600000, 0x0000000100000000)
  eden space 126976K, 96% used [0x00000000d7200000,0x00000000de9ad8e8,0x00000000dee00000)
  from space 5120K, 99% used [0x00000000dee00000,0x00000000df2f92d0,0x00000000df300000)
  to   space 11264K, 0% used [0x00000000e3b00000,0x00000000e3b00000,0x00000000e4600000)
 ParOldGen       total 55808K, used 11440K [0x0000000085600000, 0x0000000088c80000, 0x00000000d7200000)
  object space 55808K, 20% used [0x0000000085600000,0x000000008612c070,0x0000000088c80000)
 Metaspace       used 33112K, capacity 35256K, committed 35496K, reserved 1079296K
  class space    used 4405K, capacity 4764K, committed 4784K, reserved 1048576K
Event: 3,923 GC heap after
Heap after GC invocations=7 (full 1):
 PSYoungGen      total 202752K, used 11245K [0x00000000d7200000, 0x00000000e4700000, 0x0000000100000000)
  eden space 191488K, 0% used [0x00000000d7200000,0x00000000d7200000,0x00000000e2d00000)
  from space 11264K, 99% used [0x00000000e3b00000,0x00000000e45fb6f0,0x00000000e4600000)
  to   space 13312K, 0% used [0x00000000e2d00000,0x00000000e2d00000,0x00000000e3a00000)
 ParOldGen       total 55808K, used 11919K [0x0000000085600000, 0x0000000088c80000, 0x00000000d7200000)
  object space 55808K, 21% used [0x0000000085600000,0x00000000861a3c18,0x0000000088c80000)
 Metaspace       used 33112K, capacity 35256K, committed 35496K, reserved 1079296K
  class space    used 4405K, capacity 4764K, committed 4784K, reserved 1048576K
}
Event: 3,923 GC heap before
{Heap before GC invocations=8 (full 2):
 PSYoungGen      total 202752K, used 11245K [0x00000000d7200000, 0x00000000e4700000, 0x0000000100000000)
  eden space 191488K, 0% used [0x00000000d7200000,0x00000000d7200000,0x00000000e2d00000)
  from space 11264K, 99% used [0x00000000e3b00000,0x00000000e45fb6f0,0x00000000e4600000)
  to   space 13312K, 0% used [0x00000000e2d00000,0x00000000e2d00000,0x00000000e3a00000)
 ParOldGen       total 55808K, used 11919K [0x0000000085600000, 0x0000000088c80000, 0x00000000d7200000)
  object space 55808K, 21% used [0x0000000085600000,0x00000000861a3c18,0x0000000088c80000)
 Metaspace       used 33112K, capacity 35256K, committed 35496K, reserved 1079296K
  class space    used 4405K, capacity 4764K, committed 4784K, reserved 1048576K

